<?xml version="1.0" encoding="UTF-8"?>
<!-- Generated by org.testng.reporters.JUnitXMLReporter -->
<testsuite hostname="LAPTOP-H4P6QONU" failures="0" tests="3" name="Test" time="24.626" errors="0" timestamp="5 Feb 2020 17:18:24 GMT">
  <testcase classname="Mevan_Frame.Academy.HomePage" name="basePageNavigation" time="9.84"/>
  <testcase classname="Mevan_Frame.Academy.HomePage" name="basePageNavigation" time="7.58"/>
  <testcase classname="Mevan_Frame.Academy.CHECKPOINT" name="basePageNavigation" time="6.843"/>
</testsuite> <!-- Test -->
