<?xml version="1.0" encoding="UTF-8"?>
<testng-results total="1" passed="1" failed="0" skipped="0">
  <reporter-output>
  </reporter-output>
  <suite started-at="2020-02-05T19:04:41Z" name="Default suite" finished-at="2020-02-05T19:04:50Z" duration-ms="8931">
    <groups>
    </groups>
    <test started-at="2020-02-05T19:04:41Z" name="Default test" finished-at="2020-02-05T19:04:50Z" duration-ms="8931">
      <class name="Mevan_Frame.Academy.CHECKPOINT">
        <test-method signature="basePageNavigation()[pri:0, instance:Mevan_Frame.Academy.CHECKPOINT@75f9eccc]" started-at="2020-02-05T14:04:41Z" name="basePageNavigation" finished-at="2020-02-05T14:04:48Z" duration-ms="6850" status="PASS">
          <reporter-output>
          </reporter-output>
        </test-method> <!-- basePageNavigation -->
        <test-method is-config="true" signature="aftertest()[pri:0, instance:Mevan_Frame.Academy.CHECKPOINT@75f9eccc]" started-at="2020-02-05T14:04:48Z" name="aftertest" finished-at="2020-02-05T14:04:50Z" duration-ms="2070" status="PASS">
          <reporter-output>
          </reporter-output>
        </test-method> <!-- aftertest -->
      </class> <!-- Mevan_Frame.Academy.CHECKPOINT -->
    </test> <!-- Default test -->
  </suite> <!-- Default suite -->
</testng-results>
